# JRE version: Java(TM) SE Runtime Environment (11.0.2+9) (build 11.0.2+9-LTS)
# Java VM: Java HotSpot(TM) 64-Bit Server VM (11.0.2+9-LTS, mixed mode, tiered, compressed oops, g1 gc, linux-amd64)
Heap:
 garbage-first heap   total 174080K, used 17476K [0x00000000c4a00000, 0x0000000100000000)
  region size 1024K, 2 young (2048K), 2 survivors (2048K)
 Metaspace       used 40128K, capacity 41309K, committed 41600K, reserved 1085440K
  class space    used 4710K, capacity 5163K, committed 5248K, reserved 1048576K
GC Heap History (10 events):
Event: 12,408 GC heap after
{Heap after GC invocations=11 (full 0):
 garbage-first heap   total 73728K, used 12065K [0x00000000c4a00000, 0x0000000100000000)
  region size 1024K, 3 young (3072K), 3 survivors (3072K)
 Metaspace       used 31500K, capacity 32291K, committed 32512K, reserved 1077248K
  class space    used 3647K, capacity 3974K, committed 4096K, reserved 1048576K
}
Event: 15,495 GC heap before
{Heap before GC invocations=11 (full 0):
 garbage-first heap   total 73728K, used 48929K [0x00000000c4a00000, 0x0000000100000000)
  region size 1024K, 40 young (40960K), 3 survivors (3072K)
 Metaspace       used 33726K, capacity 34605K, committed 34816K, reserved 1079296K
  class space    used 3940K, capacity 4290K, committed 4352K, reserved 1048576K
}
Event: 15,803 GC heap after
{Heap after GC invocations=12 (full 0):
 garbage-first heap   total 89088K, used 13488K [0x00000000c4a00000, 0x0000000100000000)
  region size 1024K, 4 young (4096K), 4 survivors (4096K)
 Metaspace       used 33726K, capacity 34605K, committed 34816K, reserved 1079296K
  class space    used 3940K, capacity 4290K, committed 4352K, reserved 1048576K
}
Event: 16,623 GC heap before
{Heap before GC invocations=12 (full 0):
 garbage-first heap   total 89088K, used 21680K [0x00000000c4a00000, 0x0000000100000000)
  region size 1024K, 13 young (13312K), 4 survivors (4096K)
 Metaspace       used 34819K, capacity 35682K, committed 35840K, reserved 1081344K
  class space    used 4085K, capacity 4455K, committed 4480K, reserved 1048576K
}
Event: 16,652 GC heap after
{Heap after GC invocations=13 (full 0):
 garbage-first heap   total 89088K, used 13769K [0x00000000c4a00000, 0x0000000100000000)
  region size 1024K, 3 young (3072K), 3 survivors (3072K)
 Metaspace       used 34819K, capacity 35682K, committed 35840K, reserved 1081344K
  class space    used 4085K, capacity 4455K, committed 4480K, reserved 1048576K
}
Event: 70,910 GC heap before
{Heap before GC invocations=14 (full 0):
 garbage-first heap   total 89088K, used 50633K [0x00000000c4a00000, 0x0000000100000000)
  region size 1024K, 39 young (39936K), 3 survivors (3072K)
 Metaspace       used 38708K, capacity 39829K, committed 40064K, reserved 1085440K
  class space    used 4564K, capacity 4992K, committed 4992K, reserved 1048576K
}
Event: 71,089 GC heap after
{Heap after GC invocations=15 (full 0):
 garbage-first heap   total 89088K, used 16160K [0x00000000c4a00000, 0x0000000100000000)
  region size 1024K, 5 young (5120K), 5 survivors (5120K)
 Metaspace       used 38708K, capacity 39829K, committed 40064K, reserved 1085440K
  class space    used 4564K, capacity 4992K, committed 4992K, reserved 1048576K
}
Event: 77,375 GC heap before
{Heap before GC invocations=15 (full 0):
 garbage-first heap   total 89088K, used 53024K [0x00000000c4a00000, 0x0000000100000000)
  region size 1024K, 42 young (43008K), 5 survivors (5120K)
 Metaspace       used 39247K, capacity 40350K, committed 40448K, reserved 1085440K
  class space    used 4623K, capacity 5059K, committed 5120K, reserved 1048576K
}
Event: 78,096 GC heap after
{Heap after GC invocations=16 (full 0):
 garbage-first heap   total 89088K, used 16589K [0x00000000c4a00000, 0x0000000100000000)
  region size 1024K, 4 young (4096K), 4 survivors (4096K)
 Metaspace       used 39247K, capacity 40350K, committed 40448K, reserved 1085440K
  class space    used 4623K, capacity 5059K, committed 5120K, reserved 1048576K
}
Event: 91,538 GC heap before
{Heap before GC invocations=16 (full 0):
 garbage-first heap   total 89088K, used 40141K [0x00000000c4a00000, 0x0000000100000000)
  region size 1024K, 28 young (28672K), 4 survivors (4096K)
 Metaspace       used 40128K, capacity 41309K, committed 41600K, reserved 1085440K
  class space    used 4710K, capacity 5163K, committed 5248K, reserved 1048576K
}

